<?xml version="1.0" encoding="UTF-8"?>
<!-- Generated by org.testng.reporters.JUnitXMLReporter -->
<testsuite ignored="6" hostname="LTIN251239" failures="0" tests="13" name="Test" time="160.56" errors="0" timestamp="2024-03-04T13:47:06 IST">
  <testcase classname="identifyingcourses.WebDevelopment" name="searchingCourse" time="8.065"/>
  <testcase classname="identifyingcourses.WebDevelopment" name="filteringLevel" time="9.571"/>
  <testcase classname="identifyingcourses.WebDevelopment" name="filteringLanguage" time="16.471"/>
  <testcase classname="identifyingcourses.WebDevelopment" name="scrollUp" time="4.056"/>
  <testcase classname="identifyingcourses.WebDevelopment" name="firstCourseDetails" time="19.492"/>
  <testcase classname="identifyingcourses.WebDevelopment" name="secondCourse" time="9.073"/>
  <testcase classname="identifyingcourses.LanguageLearning" name="searchingLanguageLearning" time="23.002"/>
  <testcase classname="identifyingcourses.LanguageLearning" name="countOfLevel" time="0.458"/>
  <testcase classname="identifyingcourses.LanguageLearning" name="countOfLanguage" time="23.147"/>
  <testcase classname="identifyingcourses.ForEnterprise" name="clickingEnterprise" time="12.234"/>
  <testcase classname="identifyingcourses.ForEnterprise" name="clickingCourseraForCampus" time="12.705"/>
  <testcase classname="identifyingcourses.ForEnterprise" name="readyToTransformForm" time="2.605"/>
  <testcase classname="identifyingcourses.ForEnterprise" name="gettingErrorMessage" time="4.041"/>
  <testcase classname="identifyingcourses.DriverSetup" name="@AfterTest closeBrowser" time="0.0">
    <ignored/>
  </testcase> <!-- @AfterTest closeBrowser -->
  <testcase classname="identifyingcourses.DriverSetup" name="@AfterTest closeBrowser" time="0.0">
    <ignored/>
  </testcase> <!-- @AfterTest closeBrowser -->
  <testcase classname="identifyingcourses.DriverSetup" name="@AfterTest closeBrowser" time="0.0">
    <ignored/>
  </testcase> <!-- @AfterTest closeBrowser -->
  <testcase classname="identifyingcourses.DriverSetup" name="@BeforeTest launchBrowser" time="0.0">
    <ignored/>
  </testcase> <!-- @BeforeTest launchBrowser -->
  <testcase classname="identifyingcourses.DriverSetup" name="@BeforeTest launchBrowser" time="0.0">
    <ignored/>
  </testcase> <!-- @BeforeTest launchBrowser -->
  <testcase classname="identifyingcourses.DriverSetup" name="@BeforeTest launchBrowser" time="0.0">
    <ignored/>
  </testcase> <!-- @BeforeTest launchBrowser -->
</testsuite> <!-- Test -->
