<?xml version="1.0" encoding="UTF-8"?>
<testng-results ignored="6" total="19" passed="13" failed="0" skipped="0">
  <reporter-output>
  </reporter-output>
  <suite started-at="2024-03-04T13:44:26 IST" name="Suite" finished-at="2024-03-04T13:47:06 IST" duration-ms="160560">
    <groups>
      <group name="regression">
        <method signature="ForEnterprise.clickingCourseraForCampus()[pri:1, instance:identifyingcourses.ForEnterprise@52719fb6]" name="clickingCourseraForCampus" class="identifyingcourses.ForEnterprise"/>
        <method signature="ForEnterprise.clickingEnterprise()[pri:0, instance:identifyingcourses.ForEnterprise@52719fb6]" name="clickingEnterprise" class="identifyingcourses.ForEnterprise"/>
        <method signature="ForEnterprise.gettingErrorMessage()[pri:3, instance:identifyingcourses.ForEnterprise@52719fb6]" name="gettingErrorMessage" class="identifyingcourses.ForEnterprise"/>
        <method signature="ForEnterprise.readyToTransformForm()[pri:2, instance:identifyingcourses.ForEnterprise@52719fb6]" name="readyToTransformForm" class="identifyingcourses.ForEnterprise"/>
        <method signature="LanguageLearning.countOfLanguage()[pri:2, instance:identifyingcourses.LanguageLearning@6221a451]" name="countOfLanguage" class="identifyingcourses.LanguageLearning"/>
        <method signature="LanguageLearning.countOfLevel()[pri:1, instance:identifyingcourses.LanguageLearning@6221a451]" name="countOfLevel" class="identifyingcourses.LanguageLearning"/>
        <method signature="LanguageLearning.searchingLanguageLearning()[pri:0, instance:identifyingcourses.LanguageLearning@6221a451]" name="searchingLanguageLearning" class="identifyingcourses.LanguageLearning"/>
        <method signature="WebDevelopment.filteringLanguage()[pri:2, instance:identifyingcourses.WebDevelopment@6fdbe764]" name="filteringLanguage" class="identifyingcourses.WebDevelopment"/>
        <method signature="WebDevelopment.filteringLevel()[pri:1, instance:identifyingcourses.WebDevelopment@6fdbe764]" name="filteringLevel" class="identifyingcourses.WebDevelopment"/>
        <method signature="WebDevelopment.firstCourseDetails()[pri:4, instance:identifyingcourses.WebDevelopment@6fdbe764]" name="firstCourseDetails" class="identifyingcourses.WebDevelopment"/>
        <method signature="WebDevelopment.scrollUp()[pri:3, instance:identifyingcourses.WebDevelopment@6fdbe764]" name="scrollUp" class="identifyingcourses.WebDevelopment"/>
        <method signature="WebDevelopment.searchingCourse()[pri:0, instance:identifyingcourses.WebDevelopment@6fdbe764]" name="searchingCourse" class="identifyingcourses.WebDevelopment"/>
        <method signature="WebDevelopment.secondCourse()[pri:5, instance:identifyingcourses.WebDevelopment@6fdbe764]" name="secondCourse" class="identifyingcourses.WebDevelopment"/>
      </group> <!-- regression -->
      <group name="smoke">
        <method signature="ForEnterprise.clickingCourseraForCampus()[pri:1, instance:identifyingcourses.ForEnterprise@52719fb6]" name="clickingCourseraForCampus" class="identifyingcourses.ForEnterprise"/>
        <method signature="ForEnterprise.clickingEnterprise()[pri:0, instance:identifyingcourses.ForEnterprise@52719fb6]" name="clickingEnterprise" class="identifyingcourses.ForEnterprise"/>
        <method signature="LanguageLearning.searchingLanguageLearning()[pri:0, instance:identifyingcourses.LanguageLearning@6221a451]" name="searchingLanguageLearning" class="identifyingcourses.LanguageLearning"/>
        <method signature="WebDevelopment.searchingCourse()[pri:0, instance:identifyingcourses.WebDevelopment@6fdbe764]" name="searchingCourse" class="identifyingcourses.WebDevelopment"/>
      </group> <!-- smoke -->
      <group name="master">
        <method signature="ForEnterprise.clickingCourseraForCampus()[pri:1, instance:identifyingcourses.ForEnterprise@52719fb6]" name="clickingCourseraForCampus" class="identifyingcourses.ForEnterprise"/>
        <method signature="ForEnterprise.clickingEnterprise()[pri:0, instance:identifyingcourses.ForEnterprise@52719fb6]" name="clickingEnterprise" class="identifyingcourses.ForEnterprise"/>
        <method signature="ForEnterprise.gettingErrorMessage()[pri:3, instance:identifyingcourses.ForEnterprise@52719fb6]" name="gettingErrorMessage" class="identifyingcourses.ForEnterprise"/>
        <method signature="ForEnterprise.readyToTransformForm()[pri:2, instance:identifyingcourses.ForEnterprise@52719fb6]" name="readyToTransformForm" class="identifyingcourses.ForEnterprise"/>
        <method signature="LanguageLearning.countOfLanguage()[pri:2, instance:identifyingcourses.LanguageLearning@6221a451]" name="countOfLanguage" class="identifyingcourses.LanguageLearning"/>
        <method signature="LanguageLearning.countOfLevel()[pri:1, instance:identifyingcourses.LanguageLearning@6221a451]" name="countOfLevel" class="identifyingcourses.LanguageLearning"/>
        <method signature="LanguageLearning.searchingLanguageLearning()[pri:0, instance:identifyingcourses.LanguageLearning@6221a451]" name="searchingLanguageLearning" class="identifyingcourses.LanguageLearning"/>
        <method signature="WebDevelopment.filteringLanguage()[pri:2, instance:identifyingcourses.WebDevelopment@6fdbe764]" name="filteringLanguage" class="identifyingcourses.WebDevelopment"/>
        <method signature="WebDevelopment.filteringLevel()[pri:1, instance:identifyingcourses.WebDevelopment@6fdbe764]" name="filteringLevel" class="identifyingcourses.WebDevelopment"/>
        <method signature="WebDevelopment.firstCourseDetails()[pri:4, instance:identifyingcourses.WebDevelopment@6fdbe764]" name="firstCourseDetails" class="identifyingcourses.WebDevelopment"/>
        <method signature="WebDevelopment.scrollUp()[pri:3, instance:identifyingcourses.WebDevelopment@6fdbe764]" name="scrollUp" class="identifyingcourses.WebDevelopment"/>
        <method signature="WebDevelopment.searchingCourse()[pri:0, instance:identifyingcourses.WebDevelopment@6fdbe764]" name="searchingCourse" class="identifyingcourses.WebDevelopment"/>
        <method signature="WebDevelopment.secondCourse()[pri:5, instance:identifyingcourses.WebDevelopment@6fdbe764]" name="secondCourse" class="identifyingcourses.WebDevelopment"/>
      </group> <!-- master -->
    </groups>
    <test started-at="2024-03-04T13:44:26 IST" name="Test" finished-at="2024-03-04T13:47:06 IST" duration-ms="160560">
      <class name="identifyingcourses.LanguageLearning">
        <test-method signature="searchingLanguageLearning()[pri:0, instance:identifyingcourses.LanguageLearning@6221a451]" started-at="2024-03-04T13:45:47 IST" name="searchingLanguageLearning" finished-at="2024-03-04T13:46:10 IST" duration-ms="23002" status="PASS">
          <reporter-output>
          </reporter-output>
        </test-method> <!-- searchingLanguageLearning -->
        <test-method signature="countOfLevel()[pri:1, instance:identifyingcourses.LanguageLearning@6221a451]" started-at="2024-03-04T13:46:10 IST" name="countOfLevel" finished-at="2024-03-04T13:46:10 IST" duration-ms="458" status="PASS">
          <reporter-output>
          </reporter-output>
        </test-method> <!-- countOfLevel -->
        <test-method signature="countOfLanguage()[pri:2, instance:identifyingcourses.LanguageLearning@6221a451]" started-at="2024-03-04T13:46:10 IST" name="countOfLanguage" finished-at="2024-03-04T13:46:34 IST" duration-ms="23147" status="PASS">
          <reporter-output>
          </reporter-output>
        </test-method> <!-- countOfLanguage -->
      </class> <!-- identifyingcourses.LanguageLearning -->
      <class name="identifyingcourses.ForEnterprise">
        <test-method signature="clickingEnterprise()[pri:0, instance:identifyingcourses.ForEnterprise@52719fb6]" started-at="2024-03-04T13:46:34 IST" name="clickingEnterprise" finished-at="2024-03-04T13:46:46 IST" duration-ms="12234" status="PASS">
          <reporter-output>
          </reporter-output>
        </test-method> <!-- clickingEnterprise -->
        <test-method signature="clickingCourseraForCampus()[pri:1, instance:identifyingcourses.ForEnterprise@52719fb6]" started-at="2024-03-04T13:46:46 IST" name="clickingCourseraForCampus" finished-at="2024-03-04T13:46:58 IST" duration-ms="12705" status="PASS">
          <reporter-output>
          </reporter-output>
        </test-method> <!-- clickingCourseraForCampus -->
        <test-method signature="readyToTransformForm()[pri:2, instance:identifyingcourses.ForEnterprise@52719fb6]" started-at="2024-03-04T13:46:58 IST" name="readyToTransformForm" finished-at="2024-03-04T13:47:01 IST" duration-ms="2605" status="PASS">
          <reporter-output>
          </reporter-output>
        </test-method> <!-- readyToTransformForm -->
        <test-method signature="gettingErrorMessage()[pri:3, instance:identifyingcourses.ForEnterprise@52719fb6]" started-at="2024-03-04T13:47:01 IST" name="gettingErrorMessage" finished-at="2024-03-04T13:47:05 IST" duration-ms="4041" status="PASS">
          <reporter-output>
          </reporter-output>
        </test-method> <!-- gettingErrorMessage -->
      </class> <!-- identifyingcourses.ForEnterprise -->
      <class name="identifyingcourses.DriverSetup">
        <test-method is-config="true" signature="launchBrowser(java.lang.String)[pri:0, instance:identifyingcourses.DriverSetup@272113c4]" started-at="2024-03-04T13:44:26 IST" name="launchBrowser" finished-at="2024-03-04T13:44:40 IST" duration-ms="13701" status="PASS">
          <params>
            <param index="0">
              <value>
                <![CDATA[chrome]]>
              </value>
            </param>
          </params>
          <reporter-output>
          </reporter-output>
        </test-method> <!-- launchBrowser -->
        <test-method is-config="true" signature="closeBrowser()[pri:0, instance:identifyingcourses.DriverSetup@272113c4]" started-at="2024-03-04T13:47:05 IST" name="closeBrowser" finished-at="2024-03-04T13:47:06 IST" duration-ms="1325" status="PASS">
          <reporter-output>
          </reporter-output>
        </test-method> <!-- closeBrowser -->
      </class> <!-- identifyingcourses.DriverSetup -->
      <class name="identifyingcourses.WebDevelopment">
        <test-method signature="searchingCourse()[pri:0, instance:identifyingcourses.WebDevelopment@6fdbe764]" started-at="2024-03-04T13:44:40 IST" name="searchingCourse" finished-at="2024-03-04T13:44:48 IST" duration-ms="8065" status="PASS">
          <reporter-output>
          </reporter-output>
        </test-method> <!-- searchingCourse -->
        <test-method signature="filteringLevel()[pri:1, instance:identifyingcourses.WebDevelopment@6fdbe764]" started-at="2024-03-04T13:44:48 IST" name="filteringLevel" finished-at="2024-03-04T13:44:58 IST" duration-ms="9571" status="PASS">
          <reporter-output>
          </reporter-output>
        </test-method> <!-- filteringLevel -->
        <test-method signature="filteringLanguage()[pri:2, instance:identifyingcourses.WebDevelopment@6fdbe764]" started-at="2024-03-04T13:44:58 IST" name="filteringLanguage" finished-at="2024-03-04T13:45:14 IST" duration-ms="16471" status="PASS">
          <reporter-output>
          </reporter-output>
        </test-method> <!-- filteringLanguage -->
        <test-method signature="scrollUp()[pri:3, instance:identifyingcourses.WebDevelopment@6fdbe764]" started-at="2024-03-04T13:45:14 IST" name="scrollUp" finished-at="2024-03-04T13:45:18 IST" duration-ms="4056" status="PASS">
          <reporter-output>
          </reporter-output>
        </test-method> <!-- scrollUp -->
        <test-method signature="firstCourseDetails()[pri:4, instance:identifyingcourses.WebDevelopment@6fdbe764]" started-at="2024-03-04T13:45:18 IST" name="firstCourseDetails" finished-at="2024-03-04T13:45:38 IST" duration-ms="19492" status="PASS">
          <reporter-output>
          </reporter-output>
        </test-method> <!-- firstCourseDetails -->
        <test-method signature="secondCourse()[pri:5, instance:identifyingcourses.WebDevelopment@6fdbe764]" started-at="2024-03-04T13:45:38 IST" name="secondCourse" finished-at="2024-03-04T13:45:47 IST" duration-ms="9073" status="PASS">
          <reporter-output>
          </reporter-output>
        </test-method> <!-- secondCourse -->
      </class> <!-- identifyingcourses.WebDevelopment -->
    </test> <!-- Test -->
  </suite> <!-- Suite -->
</testng-results>
